<?xml version="1.0" encoding="UTF-8"?>
<!-- Generated by org.testng.reporters.JUnitReportReporter -->
<testsuite hostname="empid25024" failures="0" tests="1" name="com.framework.tests.LoginTest" time="18.247" errors="0" timestamp="2025-06-16T17:05:10 IST" skipped="0">
  <testcase classname="com.framework.tests.LoginTest" name="testSuccessfulLogin" time="18.247"/>
</testsuite> <!-- com.framework.tests.LoginTest -->
